kotlin version: 2.0.21
error message: org.jetbrains.kotlin.util.KotlinFrontEndException: Exception while analyzing expression in (71,21) in C:/Users/dvolj/AndroidStudioProjects/sirinium/app/src/main/java/com/dlab/sirinium/MainActivity.kt
	at org.jetbrains.kotlin.types.expressions.ExpressionTypingVisitorDispatcher.logOrThrowException(ExpressionTypingVisitorDispatcher.java:261)
	at org.jetbrains.kotlin.types.expressions.ExpressionTypingVisitorDispatcher.lambda$getTypeInfo$0(ExpressionTypingVisitorDispatcher.java:225)
	at org.jetbrains.kotlin.util.PerformanceCounter.time(PerformanceCounter.kt:90)
	at org.jetbrains.kotlin.types.expressions.ExpressionTypingVisitorDispatcher.getTypeInfo(ExpressionTypingVisitorDispatcher.java:164)
	at org.jetbrains.kotlin.types.expressions.ExpressionTypingVisitorDispatcher.getTypeInfo(ExpressionTypingVisitorDispatcher.java:134)
	at org.jetbrains.kotlin.types.expressions.ExpressionTypingServices.getTypeInfo(ExpressionTypingServices.java:126)
	at org.jetbrains.kotlin.resolve.calls.CallExpressionResolver.getQualifiedExpressionTypeInfo(CallExpressionResolver.kt:444)
	at org.jetbrains.kotlin.types.expressions.BasicExpressionTypingVisitor.visitQualifiedExpression(BasicExpressionTypingVisitor.java:725)
	at org.jetbrains.kotlin.types.expressions.ExpressionTypingVisitorDispatcher.visitQualifiedExpression(ExpressionTypingVisitorDispatcher.java:391)
	at org.jetbrains.kotlin.types.expressions.ExpressionTypingVisitorDispatcher$ForBlock.visitQualifiedExpression(ExpressionTypingVisitorDispatcher.java:59)
	at org.jetbrains.kotlin.psi.KtVisitor.visitDotQualifiedExpression(KtVisitor.java:316)
	at org.jetbrains.kotlin.psi.KtDotQualifiedExpression.accept(KtDotQualifiedExpression.kt:33)
	at org.jetbrains.kotlin.types.expressions.ExpressionTypingVisitorDispatcher.lambda$getTypeInfo$0(ExpressionTypingVisitorDispatcher.java:175)
	at org.jetbrains.kotlin.util.PerformanceCounter.time(PerformanceCounter.kt:90)
	at org.jetbrains.kotlin.types.expressions.ExpressionTypingVisitorDispatcher.getTypeInfo(ExpressionTypingVisitorDispatcher.java:164)
	at org.jetbrains.kotlin.types.expressions.ExpressionTypingVisitorDispatcher.getTypeInfo(ExpressionTypingVisitorDispatcher.java:134)
	at org.jetbrains.kotlin.types.expressions.ControlStructureTypingVisitor.checkCondition(ControlStructureTypingVisitor.java:71)
	at org.jetbrains.kotlin.types.expressions.ControlStructureTypingVisitor.visitIfExpression(ControlStructureTypingVisitor.java:84)
	at org.jetbrains.kotlin.types.expressions.ExpressionTypingVisitorForStatements.visitIfExpression(ExpressionTypingVisitorForStatements.java:576)
	at org.jetbrains.kotlin.types.expressions.ExpressionTypingVisitorForStatements.visitIfExpression(ExpressionTypingVisitorForStatements.java:73)
	at org.jetbrains.kotlin.psi.KtIfExpression.accept(KtIfExpression.java:33)
	at org.jetbrains.kotlin.types.expressions.ExpressionTypingVisitorDispatcher.lambda$getTypeInfo$0(ExpressionTypingVisitorDispatcher.java:175)
	at org.jetbrains.kotlin.util.PerformanceCounter.time(PerformanceCounter.kt:90)
	at org.jetbrains.kotlin.types.expressions.ExpressionTypingVisitorDispatcher.getTypeInfo(ExpressionTypingVisitorDispatcher.java:164)
	at org.jetbrains.kotlin.types.expressions.ExpressionTypingVisitorDispatcher.getTypeInfo(ExpressionTypingVisitorDispatcher.java:147)
	at org.jetbrains.kotlin.types.expressions.ExpressionTypingServices.getTypeOfLastExpressionInBlock(ExpressionTypingServices.java:451)
	at org.jetbrains.kotlin.types.expressions.ExpressionTypingServices.getBlockReturnedTypeWithWritableScope(ExpressionTypingServices.java:328)
	at org.jetbrains.kotlin.types.expressions.ExpressionTypingServices.getBlockReturnedType(ExpressionTypingServices.java:207)
	at org.jetbrains.kotlin.types.expressions.ExpressionTypingServices.getBlockReturnedType(ExpressionTypingServices.java:184)
	at org.jetbrains.kotlin.types.expressions.BasicExpressionTypingVisitor.visitBlockExpression(BasicExpressionTypingVisitor.java:668)
	at org.jetbrains.kotlin.types.expressions.ExpressionTypingVisitorDispatcher.visitBlockExpression(ExpressionTypingVisitorDispatcher.java:371)
	at org.jetbrains.kotlin.types.expressions.ExpressionTypingVisitorDispatcher$ForDeclarations.visitBlockExpression(ExpressionTypingVisitorDispatcher.java:46)
	at org.jetbrains.kotlin.psi.KtBlockExpression.accept(KtBlockExpression.java:78)
	at org.jetbrains.kotlin.types.expressions.ExpressionTypingVisitorDispatcher.lambda$getTypeInfo$0(ExpressionTypingVisitorDispatcher.java:175)
	at org.jetbrains.kotlin.util.PerformanceCounter.time(PerformanceCounter.kt:90)
	at org.jetbrains.kotlin.types.expressions.ExpressionTypingVisitorDispatcher.getTypeInfo(ExpressionTypingVisitorDispatcher.java:164)
	at org.jetbrains.kotlin.types.expressions.ExpressionTypingVisitorDispatcher.getTypeInfo(ExpressionTypingVisitorDispatcher.java:134)
	at org.jetbrains.kotlin.types.expressions.ExpressionTypingServices.getTypeInfo(ExpressionTypingServices.java:126)
	at org.jetbrains.kotlin.resolve.calls.tower.PSICallResolver.resolveValueArgument(PSICallResolver.kt:815)
	at org.jetbrains.kotlin.resolve.calls.tower.PSICallResolver.resolveArgumentsInParenthesis(PSICallResolver.kt:751)
	at org.jetbrains.kotlin.resolve.calls.tower.PSICallResolver.toKotlinCall(PSICallResolver.kt:610)
	at org.jetbrains.kotlin.resolve.calls.tower.PSICallResolver.runResolutionAndInferenceForGivenCandidates(PSICallResolver.kt:156)
	at org.jetbrains.kotlin.resolve.calls.CallResolver.doResolveCallOrGetCachedResults(CallResolver.java:608)
	at org.jetbrains.kotlin.resolve.calls.CallResolver.lambda$resolveCallWithKnownCandidate$4(CallResolver.java:585)
	at org.jetbrains.kotlin.util.PerformanceCounter.time(PerformanceCounter.kt:90)
	at org.jetbrains.kotlin.resolve.calls.CallResolver.resolveCallWithKnownCandidate(CallResolver.java:575)
	at org.jetbrains.kotlin.types.expressions.ControlStructureTypingUtils.resolveSpecialConstructionAsCall(ControlStructureTypingUtils.java:167)
	at org.jetbrains.kotlin.types.expressions.ControlStructureTypingUtils.resolveSpecialConstructionAsCall(ControlStructureTypingUtils.java:124)
	at org.jetbrains.kotlin.types.expressions.ControlStructureTypingVisitor.visitIfExpression(ControlStructureTypingVisitor.java:116)
	at org.jetbrains.kotlin.types.expressions.ExpressionTypingVisitorForStatements.visitIfExpression(ExpressionTypingVisitorForStatements.java:576)
	at org.jetbrains.kotlin.types.expressions.ExpressionTypingVisitorForStatements.visitIfExpression(ExpressionTypingVisitorForStatements.java:73)
	at org.jetbrains.kotlin.psi.KtIfExpression.accept(KtIfExpression.java:33)
	at org.jetbrains.kotlin.types.expressions.ExpressionTypingVisitorDispatcher.lambda$getTypeInfo$0(ExpressionTypingVisitorDispatcher.java:175)
	at org.jetbrains.kotlin.util.PerformanceCounter.time(PerformanceCounter.kt:90)
	at org.jetbrains.kotlin.types.expressions.ExpressionTypingVisitorDispatcher.getTypeInfo(ExpressionTypingVisitorDispatcher.java:164)
	at org.jetbrains.kotlin.types.expressions.ExpressionTypingVisitorDispatcher.getTypeInfo(ExpressionTypingVisitorDispatcher.java:147)
	at org.jetbrains.kotlin.types.expressions.ExpressionTypingServices.getTypeOfLastExpressionInBlock(ExpressionTypingServices.java:443)
	at org.jetbrains.kotlin.types.expressions.ExpressionTypingServices.getBlockReturnedTypeWithWritableScope(ExpressionTypingServices.java:328)
	at org.jetbrains.kotlin.types.expressions.ExpressionTypingServices.getBlockReturnedType(ExpressionTypingServices.java:207)
	at org.jetbrains.kotlin.types.expressions.FunctionsTypingVisitor.computeUnsafeReturnType(FunctionsTypingVisitor.kt:270)
	at org.jetbrains.kotlin.types.expressions.FunctionsTypingVisitor.computeReturnType(FunctionsTypingVisitor.kt:235)
	at org.jetbrains.kotlin.types.expressions.FunctionsTypingVisitor.visitLambdaExpression(FunctionsTypingVisitor.kt:177)
	at org.jetbrains.kotlin.types.expressions.ExpressionTypingVisitorDispatcher.visitLambdaExpression(ExpressionTypingVisitorDispatcher.java:270)
	at org.jetbrains.kotlin.types.expressions.ExpressionTypingVisitorDispatcher$ForDeclarations.visitLambdaExpression(ExpressionTypingVisitorDispatcher.java:46)
	at org.jetbrains.kotlin.psi.KtLambdaExpression.accept(KtLambdaExpression.java:38)
	at org.jetbrains.kotlin.types.expressions.ExpressionTypingVisitorDispatcher.lambda$getTypeInfo$0(ExpressionTypingVisitorDispatcher.java:175)
	at org.jetbrains.kotlin.util.PerformanceCounter.time(PerformanceCounter.kt:90)
	at org.jetbrains.kotlin.types.expressions.ExpressionTypingVisitorDispatcher.getTypeInfo(ExpressionTypingVisitorDispatcher.java:164)
	at org.jetbrains.kotlin.types.expressions.ExpressionTypingVisitorDispatcher.getTypeInfo(ExpressionTypingVisitorDispatcher.java:134)
	at org.jetbrains.kotlin.types.expressions.ExpressionTypingServices.getTypeInfo(ExpressionTypingServices.java:126)
	at org.jetbrains.kotlin.resolve.calls.tower.KotlinResolutionCallbacksImpl.analyzeAndGetLambdaReturnArguments(KotlinResolutionCallbacksImpl.kt:231)
	at org.jetbrains.kotlin.resolve.calls.components.PostponedArgumentsAnalyzer.analyzeLambda(PostponedArgumentsAnalyzer.kt:133)
	at org.jetbrains.kotlin.resolve.calls.components.PostponedArgumentsAnalyzer.analyze(PostponedArgumentsAnalyzer.kt:39)
	at org.jetbrains.kotlin.resolve.calls.components.KotlinCallCompleter.runCompletion$lambda$10(KotlinCallCompleter.kt:265)
	at org.jetbrains.kotlin.resolve.calls.inference.components.ConstraintSystemCompletionContext.analyzeArgumentWithFixedParameterTypes(ConstraintSystemCompletionContext.kt:58)
	at org.jetbrains.kotlin.resolve.calls.inference.components.KotlinConstraintSystemCompleter.runCompletion(KotlinConstraintSystemCompleter.kt:88)
	at org.jetbrains.kotlin.resolve.calls.inference.components.KotlinConstraintSystemCompleter.runCompletion(KotlinConstraintSystemCompleter.kt:39)
	at org.jetbrains.kotlin.resolve.calls.components.KotlinCallCompleter.runCompletion(KotlinCallCompleter.kt:255)
	at org.jetbrains.kotlin.resolve.calls.components.KotlinCallCompleter.runCompletion$default(KotlinCallCompleter.kt:246)
	at org.jetbrains.kotlin.resolve.calls.components.KotlinCallCompleter.runCompletion(KotlinCallCompleter.kt:243)
	at org.jetbrains.kotlin.resolve.calls.components.KotlinCallCompleter.runCompletion(KotlinCallCompleter.kt:74)
	at org.jetbrains.kotlin.resolve.calls.KotlinCallResolver.resolveAndCompleteCall(KotlinCallResolver.kt:47)
	at org.jetbrains.kotlin.resolve.calls.tower.PSICallResolver.runResolutionAndInference(PSICallResolver.kt:114)
	at org.jetbrains.kotlin.resolve.calls.CallResolver.doResolveCallOrGetCachedResults(CallResolver.java:602)
	at org.jetbrains.kotlin.resolve.calls.CallResolver.lambda$computeTasksAndResolveCall$0(CallResolver.java:213)
	at org.jetbrains.kotlin.util.PerformanceCounter.time(PerformanceCounter.kt:90)
	at org.jetbrains.kotlin.resolve.calls.CallResolver.computeTasksAndResolveCall(CallResolver.java:211)
	at org.jetbrains.kotlin.resolve.calls.CallResolver.computeTasksAndResolveCall(CallResolver.java:199)
	at org.jetbrains.kotlin.resolve.calls.CallResolver.resolveFunctionCall(CallResolver.java:329)
	at org.jetbrains.kotlin.resolve.calls.CallExpressionResolver.getResolvedCallForFunction(CallExpressionResolver.kt:86)
	at org.jetbrains.kotlin.resolve.calls.CallExpressionResolver.getCallExpressionTypeInfoWithoutFinalTypeCheck(CallExpressionResolver.kt:208)
	at org.jetbrains.kotlin.resolve.calls.CallExpressionResolver.getCallExpressionTypeInfo(CallExpressionResolver.kt:185)
	at org.jetbrains.kotlin.types.expressions.BasicExpressionTypingVisitor.visitCallExpression(BasicExpressionTypingVisitor.java:731)
	at org.jetbrains.kotlin.types.expressions.ExpressionTypingVisitorDispatcher.visitCallExpression(ExpressionTypingVisitorDispatcher.java:396)
	at org.jetbrains.kotlin.types.expressions.ExpressionTypingVisitorDispatcher$ForDeclarations.visitCallExpression(ExpressionTypingVisitorDispatcher.java:46)
	at org.jetbrains.kotlin.psi.KtCallExpression.accept(KtCallExpression.java:35)
	at org.jetbrains.kotlin.types.expressions.ExpressionTypingVisitorDispatcher.lambda$getTypeInfo$0(ExpressionTypingVisitorDispatcher.java:175)
	at org.jetbrains.kotlin.util.PerformanceCounter.time(PerformanceCounter.kt:90)
	at org.jetbrains.kotlin.types.expressions.ExpressionTypingVisitorDispatcher.getTypeInfo(ExpressionTypingVisitorDispatcher.java:164)
	at org.jetbrains.kotlin.types.expressions.ExpressionTypingVisitorDispatcher.getTypeInfo(ExpressionTypingVisitorDispatcher.java:134)
	at org.jetbrains.kotlin.types.expressions.ExpressionTypingVisitorDispatcher.getTypeInfo(ExpressionTypingVisitorDispatcher.java:146)
	at org.jetbrains.kotlin.types.expressions.ExpressionTypingServices.getTypeInfo(ExpressionTypingServices.java:121)
	at org.jetbrains.kotlin.types.expressions.ExpressionTypingServices.getTypeInfo(ExpressionTypingServices.java:96)
	at org.jetbrains.kotlin.types.expressions.ExpressionTypingServices.getType(ExpressionTypingServices.java:138)
	at org.jetbrains.kotlin.types.expressions.ExpressionTypingServices.safeGetType(ExpressionTypingServices.java:81)
	at org.jetbrains.kotlin.resolve.VariableTypeAndInitializerResolver.resolveInitializerType(VariableTypeAndInitializerResolver.kt:178)
	at org.jetbrains.kotlin.resolve.VariableTypeAndInitializerResolver.resolveTypeNullable$lambda$1(VariableTypeAndInitializerResolver.kt:94)
	at org.jetbrains.kotlin.storage.LockBasedStorageManager$LockBasedLazyValue.invoke(LockBasedStorageManager.java:408)
	at org.jetbrains.kotlin.storage.LockBasedStorageManager$LockBasedNotNullLazyValue.invoke(LockBasedStorageManager.java:527)
	at org.jetbrains.kotlin.types.DeferredType.getDelegate(DeferredType.java:108)
	at org.jetbrains.kotlin.types.WrappedType.getAttributes(KotlinType.kt:135)
	at org.jetbrains.kotlin.types.KotlinType.getAnnotations(KotlinType.kt:57)
	at org.jetbrains.kotlin.resolve.lazy.ForceResolveUtil.forceResolveAllContents(ForceResolveUtil.java:109)
	at org.jetbrains.kotlin.resolve.lazy.ForceResolveUtil.doForceResolveAllContents(ForceResolveUtil.java:96)
	at org.jetbrains.kotlin.resolve.lazy.ForceResolveUtil.forceResolveAllContents(ForceResolveUtil.java:42)
	at org.jetbrains.kotlin.resolve.lazy.ForceResolveUtil.forceResolveAllContents(ForceResolveUtil.java:52)
	at org.jetbrains.kotlin.resolve.lazy.ForceResolveUtil.forceResolveAllContents(ForceResolveUtil.java:47)
	at org.jetbrains.kotlin.resolve.lazy.descriptors.LazyClassDescriptor.doForceResolveAllContents(LazyClassDescriptor.java:733)
	at org.jetbrains.kotlin.resolve.lazy.descriptors.LazyClassDescriptor.lambda$new$4(LazyClassDescriptor.java:222)
	at org.jetbrains.kotlin.storage.LockBasedStorageManager$LockBasedLazyValue.invoke(LockBasedStorageManager.java:408)
	at org.jetbrains.kotlin.resolve.lazy.descriptors.LazyClassDescriptor.forceResolveAllContents(LazyClassDescriptor.java:721)
	at org.jetbrains.kotlin.resolve.lazy.ForceResolveUtil.doForceResolveAllContents(ForceResolveUtil.java:78)
	at org.jetbrains.kotlin.resolve.lazy.ForceResolveUtil.forceResolveAllContents(ForceResolveUtil.java:42)
	at org.jetbrains.kotlin.resolve.jvm.extensions.PartialAnalysisHandlerExtension.doAnalysis$lambda$0(PartialAnalysisHandlerExtension.kt:73)
	at org.jetbrains.kotlin.resolve.jvm.extensions.PartialAnalysisHandlerExtension.doForEachDeclaration(PartialAnalysisHandlerExtension.kt:126)
	at org.jetbrains.kotlin.resolve.jvm.extensions.PartialAnalysisHandlerExtension.doForEachDeclaration(PartialAnalysisHandlerExtension.kt:141)
	at org.jetbrains.kotlin.resolve.jvm.extensions.PartialAnalysisHandlerExtension.doAnalysis(PartialAnalysisHandlerExtension.kt:68)
	at org.jetbrains.kotlin.kapt3.AbstractKapt3Extension.doAnalysis(Kapt3Extension.kt:130)
	at org.jetbrains.kotlin.cli.jvm.compiler.TopDownAnalyzerFacadeForJVM.analyzeFilesWithJavaIntegration(TopDownAnalyzerFacadeForJVM.kt:112)
	at org.jetbrains.kotlin.cli.jvm.compiler.TopDownAnalyzerFacadeForJVM.analyzeFilesWithJavaIntegration$default(TopDownAnalyzerFacadeForJVM.kt:75)
	at org.jetbrains.kotlin.cli.jvm.compiler.KotlinToJVMBytecodeCompiler.analyze$lambda$12(KotlinToJVMBytecodeCompiler.kt:373)
	at org.jetbrains.kotlin.cli.common.messages.AnalyzerWithCompilerReport.analyzeAndReport(AnalyzerWithCompilerReport.kt:112)
	at org.jetbrains.kotlin.cli.jvm.compiler.KotlinToJVMBytecodeCompiler.analyze(KotlinToJVMBytecodeCompiler.kt:364)
	at org.jetbrains.kotlin.cli.jvm.compiler.KotlinToJVMBytecodeCompiler.runFrontendAndGenerateIrUsingClassicFrontend(KotlinToJVMBytecodeCompiler.kt:195)
	at org.jetbrains.kotlin.cli.jvm.compiler.KotlinToJVMBytecodeCompiler.compileModules$cli(KotlinToJVMBytecodeCompiler.kt:106)
	at org.jetbrains.kotlin.cli.jvm.K2JVMCompiler.doExecute(K2JVMCompiler.kt:170)
	at org.jetbrains.kotlin.cli.jvm.K2JVMCompiler.doExecute(K2JVMCompiler.kt:43)
	at org.jetbrains.kotlin.cli.common.CLICompiler.execImpl(CLICompiler.kt:103)
	at org.jetbrains.kotlin.cli.common.CLICompiler.execImpl(CLICompiler.kt:49)
	at org.jetbrains.kotlin.cli.common.CLITool.exec(CLITool.kt:101)
	at org.jetbrains.kotlin.incremental.IncrementalJvmCompilerRunner.runCompiler(IncrementalJvmCompilerRunner.kt:464)
	at org.jetbrains.kotlin.incremental.IncrementalJvmCompilerRunner.runCompiler(IncrementalJvmCompilerRunner.kt:73)
	at org.jetbrains.kotlin.incremental.IncrementalCompilerRunner.doCompile(IncrementalCompilerRunner.kt:506)
	at org.jetbrains.kotlin.incremental.IncrementalCompilerRunner.compileImpl(IncrementalCompilerRunner.kt:423)
	at org.jetbrains.kotlin.incremental.IncrementalCompilerRunner.tryCompileIncrementally$lambda$9$compile(IncrementalCompilerRunner.kt:249)
	at org.jetbrains.kotlin.incremental.IncrementalCompilerRunner.tryCompileIncrementally(IncrementalCompilerRunner.kt:267)
	at org.jetbrains.kotlin.incremental.IncrementalCompilerRunner.compile(IncrementalCompilerRunner.kt:120)
	at org.jetbrains.kotlin.daemon.CompileServiceImplBase.execIncrementalCompiler(CompileServiceImpl.kt:675)
	at org.jetbrains.kotlin.daemon.CompileServiceImplBase.access$execIncrementalCompiler(CompileServiceImpl.kt:92)
	at org.jetbrains.kotlin.daemon.CompileServiceImpl.compile(CompileServiceImpl.kt:1660)
	at java.base/jdk.internal.reflect.DirectMethodHandleAccessor.invoke(Unknown Source)
	at java.base/java.lang.reflect.Method.invoke(Unknown Source)
	at java.rmi/sun.rmi.server.UnicastServerRef.dispatch(Unknown Source)
	at java.rmi/sun.rmi.transport.Transport$1.run(Unknown Source)
	at java.rmi/sun.rmi.transport.Transport$1.run(Unknown Source)
	at java.base/java.security.AccessController.doPrivileged(Unknown Source)
	at java.rmi/sun.rmi.transport.Transport.serviceCall(Unknown Source)
	at java.rmi/sun.rmi.transport.tcp.TCPTransport.handleMessages(Unknown Source)
	at java.rmi/sun.rmi.transport.tcp.TCPTransport$ConnectionHandler.run0(Unknown Source)
	at java.rmi/sun.rmi.transport.tcp.TCPTransport$ConnectionHandler.lambda$run$0(Unknown Source)
	at java.base/java.security.AccessController.doPrivileged(Unknown Source)
	at java.rmi/sun.rmi.transport.tcp.TCPTransport$ConnectionHandler.run(Unknown Source)
	at java.base/java.util.concurrent.ThreadPoolExecutor.runWorker(Unknown Source)
	at java.base/java.util.concurrent.ThreadPoolExecutor$Worker.run(Unknown Source)
	at java.base/java.lang.Thread.run(Unknown Source)
Caused by: java.lang.IllegalStateException: Could not read file: C:/Users/dvolj/AndroidStudioProjects/sirinium/app/build/tmp/kapt3/incrementalData/debug/com/dlab/sirinium/ui/viewmodel/SettingsViewModel.class; size in bytes: -1; file type: CLASS
	at org.jetbrains.kotlin.load.kotlin.VirtualFileKotlinClass$Factory.logFileReadingErrorMessage(VirtualFileKotlinClass.kt:77)
	at org.jetbrains.kotlin.load.kotlin.VirtualFileKotlinClass$Factory.access$logFileReadingErrorMessage(VirtualFileKotlinClass.kt:46)
	at org.jetbrains.kotlin.load.kotlin.VirtualFileKotlinClass.getFileContents(VirtualFileKotlinClass.kt:38)
	at org.jetbrains.kotlin.load.kotlin.FileBasedKotlinClass.loadClassAnnotations(FileBasedKotlinClass.java:138)
	at org.jetbrains.kotlin.load.kotlin.AbstractBinaryClassAnnotationLoader.loadClassAnnotations(AbstractBinaryClassAnnotationLoader.kt:61)
	at org.jetbrains.kotlin.serialization.deserialization.descriptors.DeserializedClassDescriptor.annotations$lambda$5(DeserializedClassDescriptor.kt:98)
	at org.jetbrains.kotlin.storage.LockBasedStorageManager$LockBasedLazyValue.invoke(LockBasedStorageManager.java:408)
	at org.jetbrains.kotlin.storage.LockBasedStorageManager$LockBasedNotNullLazyValue.invoke(LockBasedStorageManager.java:527)
	at org.jetbrains.kotlin.storage.StorageKt.getValue(storage.kt:42)
	at org.jetbrains.kotlin.serialization.deserialization.descriptors.DeserializedAnnotations.getAnnotations(DeserializedAnnotations.kt:28)
	at org.jetbrains.kotlin.serialization.deserialization.descriptors.DeserializedAnnotations.iterator(DeserializedAnnotations.kt:32)
	at org.jetbrains.kotlin.resolve.checkers.OptInUsageChecker$Companion.loadOptIns(OptInUsageChecker.kt:206)
	at org.jetbrains.kotlin.resolve.checkers.OptInUsageChecker$Companion.loadOptIns$default(OptInUsageChecker.kt:174)
	at org.jetbrains.kotlin.resolve.checkers.OptInUsageChecker$Companion.loadOptIns(OptInUsageChecker.kt:267)
	at org.jetbrains.kotlin.resolve.checkers.OptInUsageChecker$Companion.loadOptIns$default(OptInUsageChecker.kt:253)
	at org.jetbrains.kotlin.resolve.checkers.OptInUsageChecker$Companion.loadOptIns(OptInUsageChecker.kt:215)
	at org.jetbrains.kotlin.resolve.checkers.OptInUsageChecker$Companion.loadOptIns$default(OptInUsageChecker.kt:174)
	at org.jetbrains.kotlin.resolve.checkers.OptInUsageChecker.check(OptInUsageChecker.kt:84)
	at org.jetbrains.kotlin.resolve.calls.tower.KotlinToResolvedCallTransformer.runCallCheckers(KotlinToResolvedCallTransformer.kt:255)
	at org.jetbrains.kotlin.resolve.calls.tower.ResolvedAtomCompleter.completeResolvedCall(ResolvedAtomCompleter.kt:199)
	at org.jetbrains.kotlin.resolve.calls.tower.KotlinToResolvedCallTransformer.transformAndReport(KotlinToResolvedCallTransformer.kt:143)
	at org.jetbrains.kotlin.resolve.calls.tower.PSICallResolver.convertToOverloadResolutionResults(PSICallResolver.kt:257)
	at org.jetbrains.kotlin.resolve.calls.tower.PSICallResolver.runResolutionAndInference(PSICallResolver.kt:127)
	at org.jetbrains.kotlin.resolve.calls.CallResolver.doResolveCallOrGetCachedResults(CallResolver.java:602)
	at org.jetbrains.kotlin.resolve.calls.CallResolver.lambda$computeTasksAndResolveCall$0(CallResolver.java:213)
	at org.jetbrains.kotlin.util.PerformanceCounter.time(PerformanceCounter.kt:90)
	at org.jetbrains.kotlin.resolve.calls.CallResolver.computeTasksAndResolveCall(CallResolver.java:211)
	at org.jetbrains.kotlin.resolve.calls.CallResolver.computeTasksAndResolveCall(CallResolver.java:199)
	at org.jetbrains.kotlin.resolve.calls.CallResolver.resolveCallForMember(CallResolver.java:150)
	at org.jetbrains.kotlin.types.expressions.DoubleColonExpressionResolver.tryResolveRHSWithReceiver(DoubleColonExpressionResolver.kt:736)
	at org.jetbrains.kotlin.types.expressions.DoubleColonExpressionResolver.resolveCallableReferenceRHS(DoubleColonExpressionResolver.kt:770)
	at org.jetbrains.kotlin.types.expressions.DoubleColonExpressionResolver.resolveCallableReference(DoubleColonExpressionResolver.kt:683)
	at org.jetbrains.kotlin.types.expressions.DoubleColonExpressionResolver.visitCallableReferenceExpression(DoubleColonExpressionResolver.kt:543)
	at org.jetbrains.kotlin.types.expressions.BasicExpressionTypingVisitor.visitCallableReferenceExpression(BasicExpressionTypingVisitor.java:678)
	at org.jetbrains.kotlin.types.expressions.ExpressionTypingVisitorDispatcher.visitCallableReferenceExpression(ExpressionTypingVisitorDispatcher.java:381)
	at org.jetbrains.kotlin.types.expressions.ExpressionTypingVisitorDispatcher$ForDeclarations.visitCallableReferenceExpression(ExpressionTypingVisitorDispatcher.java:46)
	at org.jetbrains.kotlin.psi.KtCallableReferenceExpression.accept(KtCallableReferenceExpression.java:51)
	at org.jetbrains.kotlin.types.expressions.ExpressionTypingVisitorDispatcher.lambda$getTypeInfo$0(ExpressionTypingVisitorDispatcher.java:175)
	... 163 more
Caused by: java.nio.file.NoSuchFileException: C:\Users\dvolj\AndroidStudioProjects\sirinium\app\build\tmp\kapt3\incrementalData\debug\com\dlab\sirinium\ui\viewmodel\SettingsViewModel.class
	at java.base/sun.nio.fs.WindowsException.translateToIOException(Unknown Source)
	at java.base/sun.nio.fs.WindowsException.rethrowAsIOException(Unknown Source)
	at java.base/sun.nio.fs.WindowsException.rethrowAsIOException(Unknown Source)
	at java.base/sun.nio.fs.WindowsFileSystemProvider.newByteChannel(Unknown Source)
	at java.base/java.nio.file.Files.newByteChannel(Unknown Source)
	at java.base/java.nio.file.Files.newByteChannel(Unknown Source)
	at java.base/java.nio.file.Files.readAllBytes(Unknown Source)
	at org.jetbrains.kotlin.com.intellij.openapi.vfs.local.CoreLocalVirtualFile.contentsToByteArray(CoreLocalVirtualFile.java:148)
	at org.jetbrains.kotlin.load.kotlin.VirtualFileKotlinClass.getFileContents(VirtualFileKotlinClass.kt:36)
	... 198 more


error message: Daemon compilation failed: null
java.lang.Exception
	at org.jetbrains.kotlin.daemon.common.CompileService$CallResult$Error.get(CompileService.kt:69)
	at org.jetbrains.kotlin.daemon.common.CompileService$CallResult$Error.get(CompileService.kt:65)
	at org.jetbrains.kotlin.compilerRunner.GradleKotlinCompilerWork.compileWithDaemon(GradleKotlinCompilerWork.kt:240)
	at org.jetbrains.kotlin.compilerRunner.GradleKotlinCompilerWork.compileWithDaemonOrFallbackImpl(GradleKotlinCompilerWork.kt:159)
	at org.jetbrains.kotlin.compilerRunner.GradleKotlinCompilerWork.run(GradleKotlinCompilerWork.kt:111)
	at org.jetbrains.kotlin.compilerRunner.GradleCompilerRunnerWithWorkers$GradleKotlinCompilerWorkAction.execute(GradleCompilerRunnerWithWorkers.kt:76)
	at org.gradle.workers.internal.DefaultWorkerServer.execute(DefaultWorkerServer.java:63)
	at org.gradle.workers.internal.NoIsolationWorkerFactory$1$1.create(NoIsolationWorkerFactory.java:66)
	at org.gradle.workers.internal.NoIsolationWorkerFactory$1$1.create(NoIsolationWorkerFactory.java:62)
	at org.gradle.internal.classloader.ClassLoaderUtils.executeInClassloader(ClassLoaderUtils.java:100)
	at org.gradle.workers.internal.NoIsolationWorkerFactory$1.lambda$execute$0(NoIsolationWorkerFactory.java:62)
	at org.gradle.workers.internal.AbstractWorker$1.call(AbstractWorker.java:44)
	at org.gradle.workers.internal.AbstractWorker$1.call(AbstractWorker.java:41)
	at org.gradle.internal.operations.DefaultBuildOperationRunner$CallableBuildOperationWorker.execute(DefaultBuildOperationRunner.java:209)
	at org.gradle.internal.operations.DefaultBuildOperationRunner$CallableBuildOperationWorker.execute(DefaultBuildOperationRunner.java:204)
	at org.gradle.internal.operations.DefaultBuildOperationRunner$2.execute(DefaultBuildOperationRunner.java:66)
	at org.gradle.internal.operations.DefaultBuildOperationRunner$2.execute(DefaultBuildOperationRunner.java:59)
	at org.gradle.internal.operations.DefaultBuildOperationRunner.execute(DefaultBuildOperationRunner.java:166)
	at org.gradle.internal.operations.DefaultBuildOperationRunner.execute(DefaultBuildOperationRunner.java:59)
	at org.gradle.internal.operations.DefaultBuildOperationRunner.call(DefaultBuildOperationRunner.java:53)
	at org.gradle.workers.internal.AbstractWorker.executeWrappedInBuildOperation(AbstractWorker.java:41)
	at org.gradle.workers.internal.NoIsolationWorkerFactory$1.execute(NoIsolationWorkerFactory.java:59)
	at org.gradle.workers.internal.DefaultWorkerExecutor.lambda$submitWork$0(DefaultWorkerExecutor.java:174)
	at java.base/java.util.concurrent.FutureTask.run(Unknown Source)
	at org.gradle.internal.work.DefaultConditionalExecutionQueue$ExecutionRunner.runExecution(DefaultConditionalExecutionQueue.java:194)
	at org.gradle.internal.work.DefaultConditionalExecutionQueue$ExecutionRunner.access$700(DefaultConditionalExecutionQueue.java:127)
	at org.gradle.internal.work.DefaultConditionalExecutionQueue$ExecutionRunner$1.run(DefaultConditionalExecutionQueue.java:169)
	at org.gradle.internal.Factories$1.create(Factories.java:31)
	at org.gradle.internal.work.DefaultWorkerLeaseService.withLocks(DefaultWorkerLeaseService.java:263)
	at org.gradle.internal.work.DefaultWorkerLeaseService.runAsWorkerThread(DefaultWorkerLeaseService.java:127)
	at org.gradle.internal.work.DefaultWorkerLeaseService.runAsWorkerThread(DefaultWorkerLeaseService.java:132)
	at org.gradle.internal.work.DefaultConditionalExecutionQueue$ExecutionRunner.runBatch(DefaultConditionalExecutionQueue.java:164)
	at org.gradle.internal.work.DefaultConditionalExecutionQueue$ExecutionRunner.run(DefaultConditionalExecutionQueue.java:133)
	at java.base/java.util.concurrent.Executors$RunnableAdapter.call(Unknown Source)
	at java.base/java.util.concurrent.FutureTask.run(Unknown Source)
	at org.gradle.internal.concurrent.ExecutorPolicy$CatchAndRecordFailures.onExecute(ExecutorPolicy.java:64)
	at org.gradle.internal.concurrent.AbstractManagedExecutor$1.run(AbstractManagedExecutor.java:48)
	at java.base/java.util.concurrent.ThreadPoolExecutor.runWorker(Unknown Source)
	at java.base/java.util.concurrent.ThreadPoolExecutor$Worker.run(Unknown Source)
	at java.base/java.lang.Thread.run(Unknown Source)
Caused by: java.nio.file.NoSuchFileException: C:\Users\dvolj\AppData\Local\Temp\kotlin-backups5973187526818207963\12.backup -> C:\Users\dvolj\AndroidStudioProjects\sirinium\app\build\tmp\kapt3\incrementalData\debug\META-INF\app_debug.kotlin_module
	at java.base/sun.nio.fs.WindowsException.translateToIOException(Unknown Source)
	at java.base/sun.nio.fs.WindowsException.rethrowAsIOException(Unknown Source)
	at java.base/sun.nio.fs.WindowsFileCopy.move(Unknown Source)
	at java.base/sun.nio.fs.WindowsFileSystemProvider.move(Unknown Source)
	at java.base/java.nio.file.Files.move(Unknown Source)
	at org.jetbrains.kotlin.incremental.RecoverableCompilationTransaction.revertChanges(CompilationTransaction.kt:231)
	at org.jetbrains.kotlin.incremental.RecoverableCompilationTransaction.close(CompilationTransaction.kt:256)
	at org.jetbrains.kotlin.incremental.IncrementalCompilerRunner.tryCompileIncrementally(IncrementalCompilerRunner.kt:747)
	at org.jetbrains.kotlin.incremental.IncrementalCompilerRunner.compile(IncrementalCompilerRunner.kt:120)
	at org.jetbrains.kotlin.daemon.CompileServiceImplBase.execIncrementalCompiler(CompileServiceImpl.kt:675)
	at org.jetbrains.kotlin.daemon.CompileServiceImplBase.access$execIncrementalCompiler(CompileServiceImpl.kt:92)
	at org.jetbrains.kotlin.daemon.CompileServiceImpl.compile(CompileServiceImpl.kt:1660)
	at java.base/jdk.internal.reflect.DirectMethodHandleAccessor.invoke(Unknown Source)
	at java.base/java.lang.reflect.Method.invoke(Unknown Source)
	at java.rmi/sun.rmi.server.UnicastServerRef.dispatch(Unknown Source)
	at java.rmi/sun.rmi.transport.Transport$1.run(Unknown Source)
	at java.rmi/sun.rmi.transport.Transport$1.run(Unknown Source)
	at java.base/java.security.AccessController.doPrivileged(Unknown Source)
	at java.rmi/sun.rmi.transport.Transport.serviceCall(Unknown Source)
	at java.rmi/sun.rmi.transport.tcp.TCPTransport.handleMessages(Unknown Source)
	at java.rmi/sun.rmi.transport.tcp.TCPTransport$ConnectionHandler.run0(Unknown Source)
	at java.rmi/sun.rmi.transport.tcp.TCPTransport$ConnectionHandler.lambda$run$0(Unknown Source)
	at java.base/java.security.AccessController.doPrivileged(Unknown Source)
	at java.rmi/sun.rmi.transport.tcp.TCPTransport$ConnectionHandler.run(Unknown Source)
	... 3 more


